== CPython 3.2a0.0 (py3k:76289:76290) ==
== x86_64 Linux on '' ==

--- Throughput ---

Pi calculation (Python)

threads=1: 1203 iterations/s.
threads=2: 799 ( 66 %)
threads=3: 842 ( 69 %)
threads=4: 852 ( 70 %)

regular expression (C)

threads=1: 470 iterations/s.
threads=2: 350 ( 74 %)
threads=3: 367 ( 78 %)
threads=4: 339 ( 72 %)

bz2 compression (C)

threads=1: 525 iterations/s.
threads=2: 1019 ( 193 %)
threads=3: 1019 ( 193 %)
threads=4: 1020 ( 194 %)

--- Latency ---

Background CPU task: Pi calculation (Python)

CPU threads=0: 0 ms. (std dev: 0 ms.)
CPU threads=1: 5 ms. (std dev: 0 ms.)
CPU threads=2: 5 ms. (std dev: 7 ms.)
CPU threads=3: 9 ms. (std dev: 11 ms.)
CPU threads=4: 11 ms. (std dev: 10 ms.)

Background CPU task: regular expression (C)

CPU threads=0: 0 ms. (std dev: 0 ms.)
CPU threads=1: 5 ms. (std dev: 1 ms.)
CPU threads=2: 8 ms. (std dev: 5 ms.)
CPU threads=3: 14 ms. (std dev: 10 ms.)
CPU threads=4: 26 ms. (std dev: 25 ms.)

Background CPU task: bz2 compression (C)

CPU threads=0: 0 ms. (std dev: 0 ms.)
CPU threads=1: 0 ms. (std dev: 0 ms.)
CPU threads=2: 0 ms. (std dev: 0 ms.)
CPU threads=3: 0 ms. (std dev: 0 ms.)
CPU threads=4: 0 ms. (std dev: 0 ms.)

