	Command being timed: "python cpu_bound-thread.py"
	User time (seconds): 37.55
	System time (seconds): 8.26
	Percent of CPU this job got: 136%
	Elapsed (wall clock) time (h:mm:ss or m:ss): 0:33.60
	Average shared text size (kbytes): 0
	Average unshared data size (kbytes): 0
	Average stack size (kbytes): 0
	Average total size (kbytes): 0
	Maximum resident set size (kbytes): 0
	Average resident set size (kbytes): 0
	Major (requiring I/O) page faults: 0
	Minor (reclaiming a frame) page faults: 1162
	Voluntary context switches: 2182565
	Involuntary context switches: 1877
	Swaps: 0
	File system inputs: 56
	File system outputs: 0
	Socket messages sent: 0
	Socket messages received: 0
	Signals delivered: 0
	Page size (bytes): 4096
	Exit status: 0
