Case #1:  not a triangle
Case #2:  scalene  obtuse triangle
Case #3:  isosceles  acute triangle
Case #4:  isosceles  obtuse triangle
Case #5:  isosceles  obtuse triangle
Case #6:  scalene  obtuse triangle
Case #7:  scalene  obtuse triangle
Case #8:  not a triangle
Case #9:  isosceles  obtuse triangle
Case #10:  scalene  acute triangle
Case #11:  isosceles  acute triangle
Case #12:  not a triangle
Case #13:  isosceles  obtuse triangle
Case #14:  scalene  right triangle
Case #15:  scalene  obtuse triangle
Case #16:  scalene  right triangle
Case #17:  scalene  obtuse triangle
Case #18:  isosceles  obtuse triangle
Case #19:  isosceles  right triangle
Case #20:  not a triangle
Case #21:  isosceles  right triangle
Case #22:  scalene  right triangle
Case #23:  scalene  obtuse triangle
Case #24:  isosceles  obtuse triangle
Case #25:  isosceles  acute triangle
Case #26:  scalene  right triangle
Case #27:  scalene  right triangle
Case #28:  scalene  obtuse triangle
Case #29:  isosceles  obtuse triangle
Case #30:  isosceles  right triangle
Case #31:  isosceles  right triangle
Case #32:  not a triangle
Case #33:  scalene  obtuse triangle
Case #34:  scalene  obtuse triangle
Case #35:  scalene  right triangle
Case #36:  isosceles  acute triangle
Case #37:  not a triangle
Case #38:  not a triangle
Case #39:  isosceles  acute triangle
Case #40:  scalene  acute triangle
Case #41:  isosceles  right triangle
Case #42:  scalene  acute triangle
Case #43:  scalene  acute triangle
Case #44:  not a triangle
Case #45:  scalene  right triangle
Case #46:  scalene  obtuse triangle
Case #47:  isosceles  right triangle
Case #48:  scalene  right triangle
Case #49:  isosceles  acute triangle
Case #50:  isosceles  obtuse triangle
Case #51:  not a triangle
Case #52:  not a triangle
Case #53:  isosceles  right triangle
Case #54:  scalene  obtuse triangle
Case #55:  isosceles  obtuse triangle
Case #56:  isosceles  right triangle
Case #57:  not a triangle
Case #58:  isosceles  obtuse triangle
Case #59:  scalene  obtuse triangle
Case #60:  isosceles  obtuse triangle
Case #61:  scalene  acute triangle
Case #62:  scalene  obtuse triangle
Case #63:  isosceles  obtuse triangle
Case #64:  scalene  obtuse triangle
Case #65:  isosceles  right triangle
Case #66:  not a triangle
Case #67:  scalene  acute triangle
Case #68:  isosceles  obtuse triangle
Case #69:  isosceles  obtuse triangle
Case #70:  isosceles  right triangle
Case #71:  isosceles  right triangle
Case #72:  not a triangle
Case #73:  not a triangle
Case #74:  isosceles  obtuse triangle
Case #75:  isosceles  acute triangle
Case #76:  scalene  acute triangle
Case #77:  isosceles  obtuse triangle
Case #78:  scalene  obtuse triangle
Case #79:  scalene  obtuse triangle
Case #80:  scalene  obtuse triangle
Case #81:  scalene  acute triangle
Case #82:  isosceles  acute triangle
Case #83:  isosceles  acute triangle
Case #84:  isosceles  obtuse triangle
Case #85:  scalene  obtuse triangle
Case #86:  isosceles  acute triangle
Case #87:  not a triangle
Case #88:  scalene  obtuse triangle
Case #89:  isosceles  obtuse triangle
Case #90:  not a triangle
Case #91:  isosceles  acute triangle
Case #92:  not a triangle
Case #93:  isosceles  right triangle
Case #94:  isosceles  acute triangle
Case #95:  isosceles  obtuse triangle
Case #96:  isosceles  obtuse triangle
Case #97:  isosceles  right triangle
Case #98:  not a triangle
Case #99:  not a triangle
Case #100:  not a triangle
