Case #1:  isosceles  obtuse triangle
Case #2:  scalene  acute triangle
Case #3:  isosceles  acute triangle
Case #4:  scalene  right triangle
Case #5:  scalene  obtuse triangle
Case #6:  isosceles  right triangle
Case #7:  not a triangle
Case #8:  not a triangle
Case #9:  not a triangle
Case #10:  not a triangle
Case #11:  not a triangle
Case #12:  isosceles  right triangle
Case #13:  scalene  right triangle
Case #14:  isosceles  right triangle
Case #15:  scalene  right triangle
Case #16:  not a triangle
Case #17:  scalene  obtuse triangle
Case #18:  scalene  obtuse triangle
Case #19:  scalene  acute triangle
Case #20:  scalene  obtuse triangle
Case #21:  scalene  obtuse triangle
Case #22:  scalene  obtuse triangle
Case #23:  scalene  obtuse triangle
Case #24:  scalene  acute triangle
Case #25:  scalene  obtuse triangle
Case #26:  scalene  acute triangle
Case #27:  scalene  obtuse triangle
Case #28:  scalene  right triangle
Case #29:  isosceles  obtuse triangle
Case #30:  scalene  obtuse triangle
Case #31:  scalene  acute triangle
Case #32:  scalene  acute triangle
Case #33:  scalene  acute triangle
Case #34:  scalene  acute triangle
Case #35:  scalene  acute triangle
Case #36:  scalene  obtuse triangle
Case #37:  scalene  acute triangle
Case #38:  scalene  obtuse triangle
Case #39:  scalene  obtuse triangle
Case #40:  scalene  obtuse triangle
Case #41:  scalene  obtuse triangle
Case #42:  scalene  obtuse triangle
Case #43:  not a triangle
Case #44:  scalene  obtuse triangle
Case #45:  scalene  obtuse triangle
Case #46:  scalene  obtuse triangle
Case #47:  scalene  acute triangle
Case #48:  scalene  right triangle
Case #49:  scalene  acute triangle
Case #50:  scalene  obtuse triangle
Case #51:  scalene  obtuse triangle
Case #52:  scalene  obtuse triangle
Case #53:  scalene  obtuse triangle
Case #54:  scalene  obtuse triangle
Case #55:  scalene  obtuse triangle
Case #56:  scalene  obtuse triangle
Case #57:  scalene  obtuse triangle
Case #58:  scalene  acute triangle
Case #59:  scalene  obtuse triangle
Case #60:  scalene  obtuse triangle
Case #61:  scalene  obtuse triangle
Case #62:  scalene  obtuse triangle
Case #63:  scalene  obtuse triangle
Case #64:  scalene  acute triangle
Case #65:  scalene  obtuse triangle
Case #66:  scalene  obtuse triangle
Case #67:  not a triangle
Case #68:  scalene  obtuse triangle
Case #69:  scalene  obtuse triangle
Case #70:  scalene  obtuse triangle
Case #71:  isosceles  right triangle
Case #72:  scalene  acute triangle
Case #73:  scalene  obtuse triangle
Case #74:  scalene  obtuse triangle
Case #75:  scalene  obtuse triangle
Case #76:  scalene  acute triangle
Case #77:  scalene  right triangle
Case #78:  scalene  obtuse triangle
Case #79:  not a triangle
Case #80:  scalene  acute triangle
Case #81:  scalene  obtuse triangle
Case #82:  scalene  acute triangle
Case #83:  scalene  obtuse triangle
Case #84:  scalene  acute triangle
Case #85:  isosceles  acute triangle
Case #86:  scalene  obtuse triangle
Case #87:  scalene  obtuse triangle
Case #88:  scalene  obtuse triangle
Case #89:  scalene  acute triangle
Case #90:  scalene  acute triangle
Case #91:  scalene  obtuse triangle
Case #92:  scalene  obtuse triangle
Case #93:  scalene  acute triangle
Case #94:  scalene  acute triangle
Case #95:  scalene  obtuse triangle
Case #96:  isosceles  acute triangle
Case #97:  scalene  obtuse triangle
Case #98:  scalene  obtuse triangle
Case #99:  scalene  obtuse triangle
Case #100:  scalene  obtuse triangle
